mkdir -p build pcaps logs
sudo PATH=/home/p4/src/p4dev-python-venv/bin:/usr/local/sbin:/usr/local/bin:/usr/sbin:/usr/bin:/sbin:/bin:/usr/games:/usr/local/games:/snap/bin  python3 /home/p4/tutorials/utils/run_exercise.py -t kbcs-topo/topology.json -j p4src/kbcs_v2.json -b simple_switch_grpc
 - ERROR! While parsing input runtime configuration: file does not exist /home/p4/kbcs_v2/../p4src/kbcs_v2.p4info.txt
Reading topology file.
Building mininet topology.
simple_switch_grpc -i 1@s1-eth1 -i 2@s1-eth2 -i 3@s1-eth3 -i 4@s1-eth4 -i 5@s1-eth5 -i 6@s1-eth6 --pcap /home/p4/kbcs_v2/pcaps --nanolog ipc:///tmp/bm-0-log.ipc --device-id 0 p4src/kbcs_v2.json --log-console --thrift-port 9090 -- --grpc-server-addr 0.0.0.0:50051

simple_switch_grpc -i 1@s2-eth1 -i 2@s2-eth2 -i 3@s2-eth3 -i 4@s2-eth4 -i 5@s2-eth5 -i 6@s2-eth6 --pcap /home/p4/kbcs_v2/pcaps --nanolog ipc:///tmp/bm-1-log.ipc --device-id 1 p4src/kbcs_v2.json --log-console --thrift-port 9091 -- --grpc-server-addr 0.0.0.0:50052

simple_switch_grpc -i 3@s3-eth3 -i 4@s3-eth4 -i 1@s3-eth1 -i 2@s3-eth2 --pcap /home/p4/kbcs_v2/pcaps --nanolog ipc:///tmp/bm-2-log.ipc --device-id 2 p4src/kbcs_v2.json --log-console --thrift-port 9092 -- --grpc-server-addr 0.0.0.0:50053

simple_switch_grpc -i 3@s4-eth3 -i 4@s4-eth4 -i 1@s4-eth1 -i 2@s4-eth2 --pcap /home/p4/kbcs_v2/pcaps --nanolog ipc:///tmp/bm-3-log.ipc --device-id 3 p4src/kbcs_v2.json --log-console --thrift-port 9093 -- --grpc-server-addr 0.0.0.0:50054

Configuring switch s1 using P4Runtime with file kbcs-topo/s1-runtime.json
Configuring switch s2 using P4Runtime with file kbcs-topo/s2-runtime.json
Traceback (most recent call last):
  File "/home/p4/tutorials/utils/run_exercise.py", line 394, in <module>
    exercise.run_exercise()
  File "/home/p4/tutorials/utils/run_exercise.py", line 205, in run_exercise
    self.program_switches()
  File "/home/p4/tutorials/utils/run_exercise.py", line 315, in program_switches
    self.program_switch_p4runtime(sw_name, sw_dict)
  File "/home/p4/tutorials/utils/run_exercise.py", line 275, in program_switch_p4runtime
    with open(runtime_json, 'r') as sw_conf_file:
         ^^^^^^^^^^^^^^^^^^^^^^^
FileNotFoundError: [Errno 2] No such file or directory: 'kbcs-topo/s2-runtime.json'
make: *** [/home/p4/tutorials/utils/Makefile:36: run] Error 1
